<?xml version="1.0" encoding="UTF-8"?>
<!-- Generated by org.testng.reporters.JUnitXMLReporter -->
<testsuite ignored="0" hostname="DESKTOP-1ULGF16" failures="0" tests="1" name="Firefox" time="0.667" errors="0" timestamp="2022-12-17T23:57:45 IST">
  <testcase classname="TestNgTasks.TaskBaseClass" name="@BeforeMethod setup" time="0.647">
    <failure type="io.github.bonigarcia.wdm.config.WebDriverManagerException" message="io.github.bonigarcia.wdm.config.WebDriverManagerException: No proper candidate URL to download geckodriver 0.32.0-linux">
      <![CDATA[io.github.bonigarcia.wdm.config.WebDriverManagerException: io.github.bonigarcia.wdm.config.WebDriverManagerException: No proper candidate URL to download geckodriver 0.32.0-linux
at io.github.bonigarcia.wdm.WebDriverManager.handleException(WebDriverManager.java:1422)
at io.github.bonigarcia.wdm.WebDriverManager.manage(WebDriverManager.java:1203)
at io.github.bonigarcia.wdm.WebDriverManager.fallback(WebDriverManager.java:1438)
at io.github.bonigarcia.wdm.WebDriverManager.handleException(WebDriverManager.java:1415)
at io.github.bonigarcia.wdm.WebDriverManager.manage(WebDriverManager.java:1203)
at io.github.bonigarcia.wdm.WebDriverManager.setup(WebDriverManager.java:418)
at TestNgTasks.TaskBaseClass.setup(TaskBaseClass.java:21)
at java.base/java.util.ArrayList.forEach(ArrayList.java:1511)
Caused by: io.github.bonigarcia.wdm.config.WebDriverManagerException: No proper candidate URL to download geckodriver 0.32.0-linux
at io.github.bonigarcia.wdm.online.UrlHandler.getCandidateUrl(UrlHandler.java:287)
at io.github.bonigarcia.wdm.WebDriverManager.download(WebDriverManager.java:1279)
at io.github.bonigarcia.wdm.WebDriverManager.manage(WebDriverManager.java:1197)
... 35 more
... Removed 29 stack frames]]>
    </failure>
  </testcase> <!-- @BeforeMethod setup -->
  <testcase classname="TestNgTasks.TaskBaseClass" name="@AfterMethod close" time="-1.671301665877E9">
    <skipped/>
  </testcase> <!-- @AfterMethod close -->
  <testcase classname="TestNgTasks.MultiBrow" name="sample" time="0.0">
    <skipped/>
  </testcase> <!-- sample -->
</testsuite> <!-- Firefox -->
