<?xml version="1.0" encoding="UTF-8"?>
<!-- Generated by org.testng.reporters.JUnitXMLReporter -->
<testsuite ignored="0" hostname="DESKTOP-1ULGF16" failures="1" tests="1" name="Test" time="2.252" errors="0" timestamp="2022-12-16T16:48:20 IST">
  <testcase classname="TestNgTasks.HardAssert" name="Hassert" time="0.723">
    <failure type="java.lang.AssertionError" message="expected [123] but found [Facebook – log in or sign up]">
      <![CDATA[java.lang.AssertionError: expected [123] but found [Facebook – log in or sign up]
at TestNgTasks.HardAssert.Hassert(HardAssert.java:19)
at java.base/java.util.ArrayList.forEach(ArrayList.java:1511)
... Removed 31 stack frames]]>
    </failure>
  </testcase> <!-- Hassert -->
</testsuite> <!-- Test -->
