<?xml version="1.0" encoding="UTF-8"?>
<testng-results ignored="0" total="1" passed="1" failed="0" skipped="0">
  <reporter-output>
  </reporter-output>
  <suite started-at="2022-12-20T13:08:47 IST" name="Default suite" finished-at="2022-12-20T13:08:59 IST" duration-ms="12031">
    <groups>
    </groups>
    <test started-at="2022-12-20T13:08:47 IST" name="Default test" finished-at="2022-12-20T13:08:59 IST" duration-ms="12031">
      <class name="Task.AllCmd3">
        <test-method is-config="true" signature="setup()[pri:0, instance:Task.AllCmd3@6a400542]" started-at="2022-12-20T13:08:47 IST" name="setup" finished-at="2022-12-20T13:08:50 IST" duration-ms="3325" status="PASS">
          <reporter-output>
          </reporter-output>
        </test-method> <!-- setup -->
        <test-method signature="script()[pri:0, instance:Task.AllCmd3@6a400542]" started-at="2022-12-20T13:08:50 IST" name="script" finished-at="2022-12-20T13:08:59 IST" duration-ms="8483" status="PASS">
          <reporter-output>
          </reporter-output>
        </test-method> <!-- script -->
        <test-method is-config="true" signature="close()[pri:0, instance:Task.AllCmd3@6a400542]" started-at="2022-12-20T13:08:59 IST" name="close" finished-at="2022-12-20T13:08:59 IST" duration-ms="186" status="PASS">
          <reporter-output>
          </reporter-output>
        </test-method> <!-- close -->
      </class> <!-- Task.AllCmd3 -->
    </test> <!-- Default test -->
  </suite> <!-- Default suite -->
</testng-results>
